TN:
SF:/home/labber/08_W08/scheduler/src/components/Application.js
FN:16,Application
FN:27,(anonymous_1)
FNF:2
FNH:2
FNDA:12,Application
FNDA:16,(anonymous_1)
DA:22,12
DA:24,12
DA:26,12
DA:28,16
DA:41,12
LF:5
LH:5
BRF:0
BRH:0
end_of_record
TN:
SF:/home/labber/08_W08/scheduler/src/components/Button.js
FN:7,Button
FNF:1
FNH:1
FNDA:36,Button
DA:8,36
DA:13,36
LF:2
LH:2
BRF:0
BRH:0
end_of_record
TN:
SF:/home/labber/08_W08/scheduler/src/components/DayList.js
FN:5,DayList
FN:6,(anonymous_1)
FNF:2
FNH:2
FNDA:12,DayList
FNDA:16,(anonymous_1)
DA:6,12
DA:7,16
DA:18,12
LF:3
LH:3
BRF:0
BRH:0
end_of_record
TN:
SF:/home/labber/08_W08/scheduler/src/components/DayListItem.js
FN:6,formatSpots
FN:13,DayListItem
FN:22,(anonymous_2)
FNF:3
FNH:3
FNDA:16,formatSpots
FNDA:16,DayListItem
FNDA:1,(anonymous_2)
DA:7,16
DA:8,15
DA:10,1
DA:14,16
DA:19,16
DA:22,1
LF:6
LH:6
BRDA:7,0,0,1
BRDA:7,0,1,15
BRDA:8,1,0,14
BRDA:8,1,1,1
BRF:4
BRH:4
end_of_record
TN:
SF:/home/labber/08_W08/scheduler/src/components/InterviewerList.js
FN:8,InterviewerList
FN:9,(anonymous_1)
FN:17,(anonymous_2)
FNF:3
FNH:3
FNDA:17,InterviewerList
FNDA:22,(anonymous_1)
FNDA:1,(anonymous_2)
DA:9,17
DA:10,22
DA:17,1
DA:22,17
DA:30,2
LF:5
LH:5
BRF:0
BRH:0
end_of_record
TN:
SF:/home/labber/08_W08/scheduler/src/components/InterviewerListItem.js
FN:6,InterviewerItem
FNF:1
FNH:1
FNDA:22,InterviewerItem
DA:7,22
DA:11,22
LF:2
LH:2
BRDA:18,0,0,22
BRDA:18,0,1,7
BRF:2
BRH:2
end_of_record
TN:
SF:/home/labber/08_W08/scheduler/src/components/Appointment/Confirm.js
FN:5,Confirm
FNF:1
FNH:1
FNDA:1,Confirm
DA:6,1
LF:1
LH:1
BRF:0
BRH:0
end_of_record
TN:
SF:/home/labber/08_W08/scheduler/src/components/Appointment/Empty.js
FN:3,Empty
FNF:1
FNH:1
FNDA:20,Empty
DA:4,20
LF:1
LH:1
BRF:0
BRH:0
end_of_record
TN:
SF:/home/labber/08_W08/scheduler/src/components/Appointment/Error.js
FN:3,Error
FNF:1
FNH:0
FNDA:0,Error
DA:4,0
LF:1
LH:0
BRF:0
BRH:0
end_of_record
TN:
SF:/home/labber/08_W08/scheduler/src/components/Appointment/Form.js
FN:6,Form
FN:11,reset
FN:17,cancel
FN:22,validate
FN:25,(anonymous_4)
FN:30,(anonymous_5)
FN:41,(anonymous_6)
FN:48,(anonymous_7)
FNF:8
FNH:7
FNDA:17,Form
FNDA:1,reset
FNDA:1,cancel
FNDA:6,validate
FNDA:2,(anonymous_4)
FNDA:1,(anonymous_5)
FNDA:0,(anonymous_6)
FNDA:4,(anonymous_7)
DA:7,17
DA:8,17
DA:9,17
DA:12,1
DA:13,1
DA:14,1
DA:18,1
DA:19,1
DA:24,6
DA:25,2
DA:26,2
DA:29,4
DA:30,1
DA:31,1
DA:34,3
DA:35,3
DA:38,17
DA:41,0
DA:49,4
LF:19
LH:18
BRDA:7,0,0,17
BRDA:7,0,1,10
BRDA:8,1,0,17
BRDA:8,1,1,11
BRDA:24,2,0,2
BRDA:24,2,1,4
BRDA:29,3,0,1
BRDA:29,3,1,3
BRF:8
BRH:8
end_of_record
TN:
SF:/home/labber/08_W08/scheduler/src/components/Appointment/Header.js
FN:3,Header
FNF:1
FNH:1
FNDA:40,Header
DA:4,40
LF:1
LH:1
BRF:0
BRH:0
end_of_record
TN:
SF:/home/labber/08_W08/scheduler/src/components/Appointment/Show.js
FN:3,Show
FNF:1
FNH:1
FNDA:8,Show
DA:4,8
LF:1
LH:1
BRDA:11,0,0,8
BRDA:11,0,1,8
BRF:2
BRH:2
end_of_record
TN:
SF:/home/labber/08_W08/scheduler/src/components/Appointment/Status.js
FN:3,Status
FNF:1
FNH:1
FNDA:9,Status
DA:4,9
LF:1
LH:1
BRF:0
BRH:0
end_of_record
TN:
SF:/home/labber/08_W08/scheduler/src/components/Appointment/index.js
FN:29,Appointment
FN:35,save
FN:45,(anonymous_2)
FN:46,(anonymous_3)
FN:49,destroy
FN:53,(anonymous_5)
FN:54,(anonymous_6)
FN:61,(anonymous_7)
FN:66,(anonymous_8)
FN:67,(anonymous_9)
FN:80,(anonymous_10)
FN:82,(anonymous_11)
FNF:12
FNH:8
FNDA:40,Appointment
FNDA:2,save
FNDA:2,(anonymous_2)
FNDA:0,(anonymous_3)
FNDA:1,destroy
FNDA:1,(anonymous_5)
FNDA:0,(anonymous_6)
FNDA:1,(anonymous_7)
FNDA:1,(anonymous_8)
FNDA:1,(anonymous_9)
FNDA:0,(anonymous_10)
FNDA:0,(anonymous_11)
DA:17,1
DA:18,1
DA:20,1
DA:22,1
DA:23,1
DA:24,1
DA:25,1
DA:26,1
DA:27,1
DA:31,40
DA:36,2
DA:41,2
DA:43,2
DA:45,2
DA:46,0
DA:50,1
DA:51,1
DA:53,1
DA:54,0
DA:57,40
DA:61,1
DA:66,1
DA:67,1
DA:80,0
DA:82,0
LF:25
LH:21
BRDA:32,0,0,16
BRDA:32,0,1,24
BRDA:61,1,0,40
BRDA:61,1,1,20
BRDA:63,2,0,40
BRDA:63,2,1,8
BRDA:70,3,0,40
BRDA:70,3,1,1
BRDA:72,4,0,40
BRDA:72,4,1,1
BRDA:80,5,0,40
BRDA:80,5,1,6
BRDA:82,6,0,40
BRDA:82,6,1,3
BRDA:84,7,0,40
BRDA:84,7,1,1
BRDA:86,8,0,40
BRDA:86,8,1,0
BRDA:88,9,0,40
BRDA:88,9,1,0
BRF:20
BRH:18
end_of_record
TN:
SF:/home/labber/08_W08/scheduler/src/helpers/selectors.js
FN:1,getAppointmentsForDay
FN:2,(anonymous_1)
FN:6,(anonymous_2)
FN:9,getInterviewersForDay
FN:10,(anonymous_4)
FN:14,(anonymous_5)
FN:17,getInterview
FNF:7
FNH:7
FNDA:17,getAppointmentsForDay
FNDA:15,(anonymous_1)
FNDA:24,(anonymous_2)
FNDA:17,getInterviewersForDay
FNDA:15,(anonymous_4)
FNDA:22,(anonymous_5)
FNDA:18,getInterview
DA:2,17
DA:4,17
DA:6,24
DA:10,17
DA:12,17
DA:14,22
DA:18,18
LF:7
LH:7
BRDA:4,0,0,6
BRDA:4,0,1,11
BRDA:4,1,0,17
BRDA:4,1,1,12
BRDA:12,2,0,6
BRDA:12,2,1,11
BRDA:12,3,0,17
BRDA:12,3,1,12
BRDA:19,4,0,18
BRDA:19,4,1,9
BRF:10
BRH:10
end_of_record
TN:
SF:/home/labber/08_W08/scheduler/src/hooks/useApplicationData.js
FN:13,useApplicationData
FN:21,(anonymous_1)
FN:23,(anonymous_2)
FN:29,(anonymous_3)
FN:41,bookInterview
FN:42,(anonymous_5)
FN:51,cancelInterview
FN:52,(anonymous_7)
FNF:8
FNH:8
FNDA:12,useApplicationData
FNDA:1,(anonymous_1)
FNDA:4,(anonymous_2)
FNDA:4,(anonymous_3)
FNDA:2,bookInterview
FNDA:2,(anonymous_5)
FNDA:1,cancelInterview
FNDA:1,(anonymous_7)
DA:14,12
DA:21,12
DA:23,12
DA:24,4
DA:30,4
DA:39,12
DA:42,2
DA:43,2
DA:52,1
DA:53,1
DA:61,12
LF:11
LH:11
BRF:0
BRH:0
end_of_record
TN:
SF:/home/labber/08_W08/scheduler/src/hooks/useRealtimeUpdate.js
FN:4,useRealtimeUpdate
FN:5,(anonymous_1)
FN:8,(anonymous_2)
FN:16,(anonymous_3)
FNF:4
FNH:3
FNDA:12,useRealtimeUpdate
FNDA:4,(anonymous_1)
FNDA:0,(anonymous_2)
FNDA:4,(anonymous_3)
DA:5,12
DA:6,4
DA:8,4
DA:9,0
DA:11,0
DA:12,0
DA:16,4
DA:17,4
LF:8
LH:5
BRDA:11,0,0,0
BRDA:11,0,1,0
BRDA:11,1,0,0
BRDA:11,1,1,0
BRF:4
BRH:0
end_of_record
TN:
SF:/home/labber/08_W08/scheduler/src/hooks/useVisualMode.js
FN:3,useVisualMode
FN:8,(anonymous_1)
FN:10,(anonymous_2)
FN:13,(anonymous_3)
FN:17,(anonymous_4)
FN:19,(anonymous_5)
FNF:6
FNH:6
FNDA:53,useVisualMode
FNDA:14,(anonymous_1)
FNDA:2,(anonymous_2)
FNDA:12,(anonymous_3)
FNDA:4,(anonymous_4)
FNDA:3,(anonymous_5)
DA:5,53
DA:6,53
DA:8,53
DA:9,14
DA:10,2
DA:12,12
DA:13,12
DA:17,53
DA:18,4
DA:19,3
DA:23,53
LF:11
LH:11
BRDA:8,0,0,12
BRDA:9,1,0,2
BRDA:9,1,1,12
BRDA:18,2,0,3
BRDA:18,2,1,1
BRF:5
BRH:5
end_of_record
TN:
SF:/home/labber/08_W08/scheduler/src/reducers/application.js
FN:5,reducer
FN:27,(anonymous_1)
FN:30,(anonymous_2)
FN:34,(anonymous_3)
FNF:4
FNH:4
FNDA:9,reducer
FNDA:3,(anonymous_1)
FNDA:6,(anonymous_2)
FNDA:6,(anonymous_3)
DA:1,2
DA:2,2
DA:3,2
DA:6,9
DA:8,1
DA:10,4
DA:17,3
DA:22,3
DA:27,3
DA:28,3
DA:30,6
DA:34,3
DA:35,6
DA:43,3
DA:50,1
LF:15
LH:15
BRDA:6,0,0,1
BRDA:6,0,1,4
BRDA:6,0,2,3
BRDA:6,0,3,1
BRDA:19,1,0,3
BRDA:19,1,1,2
BRDA:30,2,0,3
BRDA:30,2,1,3
BRDA:35,3,0,3
BRDA:35,3,1,3
BRF:10
BRH:10
end_of_record
